mode: set
Task-Management/Delivery/routers/router.go:14.15,19.2 3 1
Task-Management/Delivery/routers/router.go:19.2,22.3 2 1
Task-Management/Delivery/routers/router.go:25.2,27.2 3 1
Task-Management/Delivery/routers/router.go:27.2,37.3 6 1
Task-Management/Delivery/routers/router.go:40.2,42.2 3 1
Task-Management/Delivery/routers/router.go:42.2,44.3 1 1
Task-Management/Delivery/routers/router.go:46.2,46.15 1 1
Task-Management/Delivery/controllers/controller.go:35.76,39.2 1 1
Task-Management/Delivery/controllers/controller.go:41.76,45.2 1 1
Task-Management/Delivery/controllers/controller.go:48.57,50.49 2 1
Task-Management/Delivery/controllers/controller.go:50.49,53.3 2 1
Task-Management/Delivery/controllers/controller.go:55.2,63.16 3 1
Task-Management/Delivery/controllers/controller.go:63.16,64.43 1 1
Task-Management/Delivery/controllers/controller.go:64.43,67.4 2 1
Task-Management/Delivery/controllers/controller.go:68.3,69.9 2 0
Task-Management/Delivery/controllers/controller.go:72.2,75.4 1 1
Task-Management/Delivery/controllers/controller.go:78.54,80.49 2 1
Task-Management/Delivery/controllers/controller.go:80.49,83.3 2 0
Task-Management/Delivery/controllers/controller.go:85.2,86.16 2 1
Task-Management/Delivery/controllers/controller.go:86.16,89.3 2 0
Task-Management/Delivery/controllers/controller.go:91.2,97.4 1 1
Task-Management/Delivery/controllers/controller.go:100.60,102.16 2 1
Task-Management/Delivery/controllers/controller.go:102.16,105.3 2 1
Task-Management/Delivery/controllers/controller.go:107.2,110.4 1 1
Task-Management/Delivery/controllers/controller.go:114.59,116.13 2 1
Task-Management/Delivery/controllers/controller.go:116.13,119.3 2 1
Task-Management/Delivery/controllers/controller.go:121.2,122.50 2 1
Task-Management/Delivery/controllers/controller.go:122.50,125.3 2 1
Task-Management/Delivery/controllers/controller.go:127.2,128.16 2 1
Task-Management/Delivery/controllers/controller.go:128.16,131.3 2 0
Task-Management/Delivery/controllers/controller.go:132.2,135.16 3 1
Task-Management/Delivery/controllers/controller.go:135.16,139.3 2 1
Task-Management/Delivery/controllers/controller.go:141.2,144.4 1 1
Task-Management/Delivery/controllers/controller.go:147.60,149.16 2 1
Task-Management/Delivery/controllers/controller.go:149.16,152.3 2 1
Task-Management/Delivery/controllers/controller.go:154.2,155.16 2 1
Task-Management/Delivery/controllers/controller.go:155.16,156.38 1 1
Task-Management/Delivery/controllers/controller.go:156.38,158.4 1 1
Task-Management/Delivery/controllers/controller.go:158.9,160.4 1 1
Task-Management/Delivery/controllers/controller.go:161.3,161.9 1 1
Task-Management/Delivery/controllers/controller.go:164.2,167.4 1 1
Task-Management/Delivery/controllers/controller.go:170.65,172.30 2 1
Task-Management/Delivery/controllers/controller.go:172.30,175.3 2 1
Task-Management/Delivery/controllers/controller.go:177.2,178.16 2 1
Task-Management/Delivery/controllers/controller.go:178.16,181.3 2 1
Task-Management/Delivery/controllers/controller.go:183.2,184.16 2 1
Task-Management/Delivery/controllers/controller.go:184.16,187.3 2 0
Task-Management/Delivery/controllers/controller.go:189.2,192.4 1 1
Task-Management/Delivery/controllers/controller.go:195.60,197.16 2 1
Task-Management/Delivery/controllers/controller.go:197.16,200.3 2 1
Task-Management/Delivery/controllers/controller.go:202.2,205.4 1 1
Task-Management/Delivery/controllers/controller.go:208.59,210.50 2 1
Task-Management/Delivery/controllers/controller.go:210.50,213.3 2 0
Task-Management/Delivery/controllers/controller.go:215.2,216.16 2 1
Task-Management/Delivery/controllers/controller.go:216.16,219.3 2 1
Task-Management/Delivery/controllers/controller.go:221.2,222.79 2 1
Task-Management/Delivery/controllers/controller.go:222.79,225.3 2 0
Task-Management/Delivery/controllers/controller.go:227.2,229.4 1 1
Task-Management/Delivery/controllers/controller.go:232.59,234.16 2 1
Task-Management/Delivery/controllers/controller.go:234.16,237.3 2 1
Task-Management/Delivery/controllers/controller.go:239.2,239.76 1 1
Task-Management/Delivery/controllers/controller.go:239.76,242.3 2 0
Task-Management/Delivery/controllers/controller.go:244.2,246.4 1 1
Task-Management/Delivery/main.go:22.60,24.20 2 1
Task-Management/Delivery/main.go:24.20,26.3 1 0
Task-Management/Delivery/main.go:28.2,29.16 2 1
Task-Management/Delivery/main.go:29.16,31.3 1 0
Task-Management/Delivery/main.go:33.2,34.24 2 1
Task-Management/Delivery/main.go:37.51,42.2 1 1
Task-Management/Delivery/main.go:44.53,45.12 1 1
Task-Management/Delivery/main.go:45.12,46.77 1 1
Task-Management/Delivery/main.go:46.77,47.21 1 1
Task-Management/Delivery/main.go:47.21,49.5 1 0
Task-Management/Delivery/main.go:54.13,57.16 2 1
Task-Management/Delivery/main.go:57.16,59.3 1 0
Task-Management/Delivery/main.go:60.2,76.38 8 1
Task-Management/Delivery/main.go:76.38,80.3 2 0
Task-Management/Delivery/main.go:82.2,82.38 1 1
Task-Management/Delivery/main.go:82.38,86.3 2 0
Task-Management/Delivery/main.go:89.2,106.42 10 1
Task-Management/Delivery/main.go:106.42,108.3 1 0
Task-Management/Delivery/main.go:110.2,110.31 1 0
Task-Management/Infrastructure/auth_middleware.go:11.82,12.30 1 1
Task-Management/Infrastructure/auth_middleware.go:12.30,14.23 2 1
Task-Management/Infrastructure/auth_middleware.go:14.23,18.4 3 1
Task-Management/Infrastructure/auth_middleware.go:21.3,22.46 2 1
Task-Management/Infrastructure/auth_middleware.go:22.46,26.4 3 1
Task-Management/Infrastructure/auth_middleware.go:28.3,29.17 2 1
Task-Management/Infrastructure/auth_middleware.go:29.17,33.4 3 1
Task-Management/Infrastructure/auth_middleware.go:36.3,37.11 2 1
Task-Management/Infrastructure/auth_middleware.go:42.40,43.30 1 1
Task-Management/Infrastructure/auth_middleware.go:43.30,45.33 2 1
Task-Management/Infrastructure/auth_middleware.go:45.33,49.4 3 1
Task-Management/Infrastructure/auth_middleware.go:50.3,50.11 1 1
Task-Management/Infrastructure/auth_middleware.go:54.51,55.30 1 0
Task-Management/Infrastructure/auth_middleware.go:55.30,57.30 2 0
Task-Management/Infrastructure/auth_middleware.go:57.30,58.24 1 0
Task-Management/Infrastructure/auth_middleware.go:58.24,61.5 2 0
Task-Management/Infrastructure/auth_middleware.go:63.3,64.12 2 0
Task-Management/Infrastructure/jwt_service.go:23.57,35.2 3 1
Task-Management/Infrastructure/jwt_service.go:38.57,39.104 1 1
Task-Management/Infrastructure/jwt_service.go:39.104,41.3 1 1
Task-Management/Infrastructure/jwt_service.go:43.2,43.16 1 1
Task-Management/Infrastructure/jwt_service.go:43.16,45.3 1 1
Task-Management/Infrastructure/jwt_service.go:47.2,47.61 1 1
Task-Management/Infrastructure/jwt_service.go:47.61,49.3 1 1
Task-Management/Infrastructure/jwt_service.go:51.2,51.41 1 0
Task-Management/Infrastructure/password_service.go:10.52,13.2 2 1
Task-Management/Infrastructure/password_service.go:16.61,19.2 2 1
Task-Management/Repository/task_repository.go:29.119,31.2 1 1
Task-Management/Repository/task_repository.go:33.103,35.2 1 1
Task-Management/Repository/task_repository.go:37.103,39.2 1 1
Task-Management/Repository/task_repository.go:41.114,43.2 1 1
Task-Management/Repository/task_repository.go:45.122,47.2 1 1
Task-Management/Repository/task_repository.go:64.59,68.2 1 1
Task-Management/Repository/task_repository.go:70.95,71.16 1 1
Task-Management/Repository/task_repository.go:71.16,73.3 1 0
Task-Management/Repository/task_repository.go:75.2,79.16 4 1
Task-Management/Repository/task_repository.go:79.16,81.3 1 0
Task-Management/Repository/task_repository.go:83.2,84.9 2 1
Task-Management/Repository/task_repository.go:84.9,86.3 1 0
Task-Management/Repository/task_repository.go:87.2,88.18 2 1
Task-Management/Repository/task_repository.go:91.100,94.16 3 1
Task-Management/Repository/task_repository.go:94.16,95.34 1 1
Task-Management/Repository/task_repository.go:95.34,97.4 1 1
Task-Management/Repository/task_repository.go:98.3,98.18 1 0
Task-Management/Repository/task_repository.go:100.2,100.19 1 1
Task-Management/Repository/task_repository.go:103.110,105.16 2 1
Task-Management/Repository/task_repository.go:105.16,107.3 1 0
Task-Management/Repository/task_repository.go:108.2,108.15 1 1
Task-Management/Repository/task_repository.go:108.15,109.53 1 1
Task-Management/Repository/task_repository.go:109.53,111.4 1 0
Task-Management/Repository/task_repository.go:114.2,115.48 2 1
Task-Management/Repository/task_repository.go:115.48,117.3 1 0
Task-Management/Repository/task_repository.go:118.2,118.19 1 1
Task-Management/Repository/task_repository.go:121.78,123.16 2 1
Task-Management/Repository/task_repository.go:123.16,125.3 1 0
Task-Management/Repository/task_repository.go:126.2,126.15 1 1
Task-Management/Repository/task_repository.go:126.15,127.53 1 1
Task-Management/Repository/task_repository.go:127.53,129.4 1 0
Task-Management/Repository/task_repository.go:132.2,133.48 2 1
Task-Management/Repository/task_repository.go:133.48,135.3 1 0
Task-Management/Repository/task_repository.go:136.2,136.19 1 1
Task-Management/Repository/task_repository.go:139.79,146.16 3 1
Task-Management/Repository/task_repository.go:146.16,148.3 1 0
Task-Management/Repository/task_repository.go:149.2,149.30 1 1
Task-Management/Repository/task_repository.go:149.30,151.3 1 0
Task-Management/Repository/task_repository.go:152.2,152.12 1 1
Task-Management/Repository/task_repository.go:155.83,157.16 2 1
Task-Management/Repository/task_repository.go:157.16,159.3 1 0
Task-Management/Repository/task_repository.go:160.2,160.30 1 1
Task-Management/Repository/task_repository.go:160.30,162.3 1 0
Task-Management/Repository/task_repository.go:163.2,163.12 1 1
Task-Management/Repository/user_repository.go:20.66,24.2 1 1
Task-Management/Repository/user_repository.go:26.95,31.16 4 1
Task-Management/Repository/user_repository.go:31.16,33.3 1 0
Task-Management/Repository/user_repository.go:35.2,36.9 2 1
Task-Management/Repository/user_repository.go:36.9,38.3 1 0
Task-Management/Repository/user_repository.go:39.2,40.18 2 1
Task-Management/Repository/user_repository.go:43.100,46.16 3 1
Task-Management/Repository/user_repository.go:46.16,47.34 1 1
Task-Management/Repository/user_repository.go:47.34,49.4 1 1
Task-Management/Repository/user_repository.go:50.3,50.18 1 0
Task-Management/Repository/user_repository.go:52.2,52.19 1 0
Task-Management/Repository/user_repository.go:55.94,58.16 3 1
Task-Management/Repository/user_repository.go:58.16,59.34 1 1
Task-Management/Repository/user_repository.go:59.34,61.4 1 1
Task-Management/Repository/user_repository.go:62.3,62.18 1 0
Task-Management/Repository/user_repository.go:64.2,64.19 1 1
Task-Management/Repository/user_repository.go:67.78,69.16 2 1
Task-Management/Repository/user_repository.go:69.16,71.3 1 0
Task-Management/Repository/user_repository.go:72.2,75.48 3 1
Task-Management/Repository/user_repository.go:75.48,77.3 1 0
Task-Management/Repository/user_repository.go:78.2,78.19 1 1
Task-Management/Repository/user_repository.go:81.79,88.16 3 1
Task-Management/Repository/user_repository.go:88.16,90.3 1 0
Task-Management/Repository/user_repository.go:91.2,91.30 1 1
Task-Management/Repository/user_repository.go:91.30,93.3 1 1
Task-Management/Repository/user_repository.go:94.2,94.12 1 0
Task-Management/Repository/user_repository.go:97.83,100.2 2 1
Task-Management/Usecases/task_usecases.go:17.72,21.2 1 1
Task-Management/Usecases/task_usecases.go:23.96,25.22 1 0
Task-Management/Usecases/task_usecases.go:25.22,27.3 1 0
Task-Management/Usecases/task_usecases.go:28.2,28.37 1 0
Task-Management/Usecases/task_usecases.go:28.37,30.3 1 0
Task-Management/Usecases/task_usecases.go:33.2,35.37 2 0
Task-Management/Usecases/task_usecases.go:38.101,40.2 1 0
Task-Management/Usecases/task_usecases.go:42.112,44.2 1 0
Task-Management/Usecases/task_usecases.go:46.80,49.16 2 0
Task-Management/Usecases/task_usecases.go:49.16,51.3 1 0
Task-Management/Usecases/task_usecases.go:52.2,52.19 1 0
Task-Management/Usecases/task_usecases.go:55.80,57.22 1 1
Task-Management/Usecases/task_usecases.go:57.22,59.3 1 0
Task-Management/Usecases/task_usecases.go:60.2,60.37 1 1
Task-Management/Usecases/task_usecases.go:60.37,62.3 1 0
Task-Management/Usecases/task_usecases.go:65.2,66.16 2 1
Task-Management/Usecases/task_usecases.go:66.16,68.3 1 0
Task-Management/Usecases/task_usecases.go:71.2,71.92 1 1
Task-Management/Usecases/task_usecases.go:71.92,73.3 1 0
Task-Management/Usecases/task_usecases.go:75.2,75.37 1 1
Task-Management/Usecases/task_usecases.go:78.84,80.2 1 0
Task-Management/Usecases/user_usecases.go:19.72,26.2 1 0
Task-Management/Usecases/user_usecases.go:28.94,30.51 2 1
Task-Management/Usecases/user_usecases.go:30.51,32.3 1 0
Task-Management/Usecases/user_usecases.go:33.2,33.25 1 1
Task-Management/Usecases/user_usecases.go:33.25,35.3 1 1
Task-Management/Usecases/user_usecases.go:37.2,38.16 2 1
Task-Management/Usecases/user_usecases.go:38.16,40.3 1 0
Task-Management/Usecases/user_usecases.go:41.2,43.37 2 1
Task-Management/Usecases/user_usecases.go:46.104,48.16 2 1
Task-Management/Usecases/user_usecases.go:48.16,50.3 1 0
Task-Management/Usecases/user_usecases.go:52.2,52.50 1 1
Task-Management/Usecases/user_usecases.go:52.50,54.3 1 1
Task-Management/Usecases/user_usecases.go:56.2,57.16 2 1
Task-Management/Usecases/user_usecases.go:57.16,59.3 1 0
Task-Management/Usecases/user_usecases.go:61.2,61.25 1 1
Task-Management/Usecases/user_usecases.go:64.80,66.2 1 1
Task-Management/Usecases/user_usecases.go:68.101,70.2 1 1
Task-Management/Usecases/user_usecases.go:72.80,73.25 1 1
Task-Management/Usecases/user_usecases.go:73.25,75.17 2 1
Task-Management/Usecases/user_usecases.go:75.17,77.4 1 0
Task-Management/Usecases/user_usecases.go:78.3,78.33 1 1
Task-Management/Usecases/user_usecases.go:81.2,81.37 1 1
Task-Management/Usecases/user_usecases.go:84.84,86.2 1 1
